{"level":"error","message":"Error postProducts"}
{"level":"error","message":"Error postOrder"}
{"level":"error","message":"Error postOrder"}
{"level":"error","message":"Error postOrder"}
{"level":"error","message":"Error postOrder"}
{"level":"error","message":"Error postOrder"}
{"level":"error","message":"Error postOrder"}
{"level":"error","message":"Error getProducts"}
{"level":"error","message":"Error getProducts"}
{"level":"error","message":"Error postOrder"}
{"level":"error","message":"Error getOrder"}
{"level":"error","message":"Error getProduct"}
{"level":"error","message":"Error getProduct"}
{"level":"error","message":"Error getProduct"}
{"level":"error","message":"Error getProduct"}
{"level":"error","message":"Error getProduct"}
{"level":"error","message":"Error getProduct"}
{"level":"error","message":"Error getProduct"}
{"level":"error","message":"Error getProduct"}
{"level":"error","message":"Error getProduct"}
{"level":"error","message":"Error getProduct"}
{"level":"error","message":"Error getProduct"}
{"level":"error","message":"Error getProduct"}
{"level":"error","message":"Error getProducts"}
{"level":"error","message":"Error getProducts"}
{"level":"error","message":"Error postProducts"}
{"level":"error","message":"Error postProducts"}
{"level":"error","message":"Error postProducts"}
{"level":"error","message":"Error postProducts"}
{"level":"error","message":"Error putProducts"}
{"level":"error","message":"Error putProducts"}
{"level":"error","message":"Error putProducts"}
{"level":"error","message":"Error putProducts"}
{"level":"error","message":"Error putProducts"}
{"level":"error","message":"Error getProduct"}
{"level":"error","message":"Error postOrder"}
{"level":"error","message":"Error postProducts"}
{"level":"error","message":"Error postProducts"}
{"level":"error","message":"Error postProducts"}
{"level":"error","message":"Error getProduct"}
{"level":"error","message":"Error getProduct"}
{"level":"error","message":"Error postProducts"}
{"level":"error","message":"Error postProducts: ReferenceError: name is not defined"}
{"level":"error","message":"Error postProducts: Error al guardar producto Papa Noel TEST: Internal server error."}
{"level":"error","message":"Error postProducts: \"name\" es un campo requerido: Client request error."}
{"level":"error","message":"Error getProduct: Error al recupar producto de id 1: Internal server error."}
{"level":"error","message":"Error putProduct: Error al actualizar producto con id 1s: Not found."}
{"level":"error","message":"Error deleteProduct: Producto de id asda no encontrado para borrar: Client request error."}
{"level":"error","message":"Error deleteProduct: Producto de id as no encontrado para borrar: Client request error."}
{"level":"error","message":"Error postProducts: \"name\" es un campo requerido: Client request error."}
{"level":"error","message":"Error postProducts: \"name\" es un campo requerido: Client request error."}
{"level":"error","message":"Error postProducts: \"name\" es un campo requerido: Client request error."}
{"level":"error","message":"Error getProduct: Error al recupar producto de id 123: Internal server error."}
{"level":"error","message":"Error postProducts: \"name\" es un campo requerido: Client request error."}
{"level":"error","message":"Error postProducts: \"name\" es un campo requerido: Client request error."}
{"level":"error","message":"Error postProducts: \"name\" es un campo requerido: Client request error."}
{"isOperational":true,"level":"error","name":"\"name\" es un campo requerido","statusCode":400}
{"level":"error","message":"Error postProducts: \"name\" es un campo requerido: Client request error."}
{"isOperational":true,"level":"error","name":"\"name\" es un campo requerido","statusCode":400}
{"level":"error"}
{"level":"error"}
{"isOperational":true,"level":"error","statusCode":401}
{"isOperational":true,"level":"error","statusCode":401}
{"isOperational":true,"level":"error","statusCode":401}
{"isOperational":true,"level":"error","statusCode":401}
{"isOperational":true,"level":"error","statusCode":401}
{"isOperational":true,"level":"error","statusCode":401}
{"level":"error"}
{"level":"error"}
{"level":"error"}
{"level":"error"}
{"level":"error"}
{"level":"error"}
{"level":"error"}
{"level":"error"}
{"level":"error","message":"Error getProduct: Error al recupar producto de id 61ada37c-8a46-4f9e-896d-dac8bbded4e6: Internal server error."}
{"isOperational":true,"level":"error","name":"Error al recupar producto de id 61ada37c-8a46-4f9e-896d-dac8bbded4e6","statusCode":500}
{"level":"error","message":"Error getProduct: Error al recupar producto de id 61ada37c-8a46-4f9e-896d-dac8bbded4e6: Internal server error."}
{"isOperational":true,"level":"error","name":"Error al recupar producto de id 61ada37c-8a46-4f9e-896d-dac8bbded4e6","statusCode":500}
{"level":"error","message":"Error getProduct: Error al recupar producto de id 61ada37c-8a46-4f9e-896d-dac8bbded4e6: Internal server error."}
{"isOperational":true,"level":"error","name":"Error al recupar producto de id 61ada37c-8a46-4f9e-896d-dac8bbded4e6","statusCode":500}
{"level":"error","message":"Error getProduct: Error al recupar producto de id 61ada37c-8a46-4f9e-896d-dac8bbded4e6: Internal server error."}
{"isOperational":true,"level":"error","name":"Error al recupar producto de id 61ada37c-8a46-4f9e-896d-dac8bbded4e6","statusCode":500}
{"isOperational":true,"level":"error","statusCode":401}
{"level":"error","message":"Error getProduct: Error al recupar producto de id as: Internal server error."}
{"isOperational":true,"level":"error","name":"Error al recupar producto de id as","statusCode":500}
{"level":"error","message":"Error getProduct: Error al recupar producto de id 1: Internal server error."}
{"isOperational":true,"level":"error","name":"Error al recupar producto de id 1","statusCode":500}
{"level":"error","message":"Error getProduct: User with id 12 not found.: Not found."}
{"isOperational":true,"level":"error","name":"User with id 12 not found.","statusCode":404}
{"code":"LIMIT_UNEXPECTED_FILE","level":"error","message":"Unexpected field","name":"MulterError","storageErrors":[]}
{"code":"LIMIT_UNEXPECTED_FILE","level":"error","message":"Unexpected field","name":"MulterError","storageErrors":[]}
{"code":"LIMIT_UNEXPECTED_FILE","level":"error","message":"Unexpected field","name":"MulterError","storageErrors":[]}
{"code":"LIMIT_UNEXPECTED_FILE","field":"image","level":"error","message":"Unexpected field","name":"MulterError","storageErrors":[]}
